<?xml version="1.0" encoding="UTF-8"?>
<!-- Generated by org.testng.reporters.JUnitReportReporter -->
<testsuite hostname="SAI" failures="0" tests="1" name="tests.LoginTest" time="3.288" errors="0" timestamp="2025-09-04T00:05:19 IST" skipped="0">
  <testcase classname="tests.LoginTest" name="loginWorks" time="3.288"/>
</testsuite> <!-- tests.LoginTest -->
