<?xml version="1.0" encoding="UTF-8"?>
<!-- Generated by org.testng.reporters.JUnitReportReporter -->
<testsuite hostname="SAI" failures="0" tests="1" name="tests.CartTest" time="5.811" errors="0" timestamp="2025-09-03T23:52:21 IST" skipped="0">
  <testcase classname="tests.CartTest" name="addItemsToCart" time="5.811"/>
</testsuite> <!-- tests.CartTest -->
