<?xml version="1.0" encoding="UTF-8"?>
<!-- Generated by org.testng.reporters.JUnitReportReporter -->
<testsuite hostname="SAI" failures="0" tests="1" name="tests.CartTest" time="6.573" errors="0" timestamp="2025-09-04T00:05:19 IST" skipped="0">
  <testcase classname="tests.CartTest" name="addItemsToCart" time="6.573"/>
</testsuite> <!-- tests.CartTest -->
