<?xml version="1.0" encoding="UTF-8"?>
<!-- Generated by org.testng.reporters.JUnitReportReporter -->
<testsuite hostname="SAI" failures="0" tests="1" name="tests.CartTest" time="3.306" errors="0" timestamp="2025-09-04T10:28:42 IST" skipped="0">
  <testcase classname="tests.CartTest" name="addItemsToCart" time="3.306"/>
</testsuite> <!-- tests.CartTest -->
